<?xml version="1.0" encoding="UTF-8"?>
<!-- Generated by org.testng.reporters.JUnitReportReporter -->
<testsuite hostname="Evis-MacBook-Air.local" failures="0" tests="1" name="Assignment3.otoklix.AppTest" time="20.187" errors="0" timestamp="2022-05-12T00:08:28 WIB" skipped="0">
  <testcase classname="Assignment3.otoklix.AppTest" name="assignmentTigaTest" time="20.187"/>
  <system-out/>
</testsuite> <!-- Assignment3.otoklix.AppTest -->
